<?xml version="1.0" encoding="UTF-8"?>
<!-- Generated by org.testng.reporters.JUnitReportReporter -->
<testsuite hostname="DESKTOP-07REC6T" failures="0" tests="8" name="test.BookMyShowTest" time="86.401" errors="0" timestamp="2022-07-12T11:18:18 IST" skipped="0">
  <testcase classname="test.BookMyShowTest" name="movieDetails" time="2.072"/>
  <testcase classname="test.BookMyShowTest" name="payment" time="26.067"/>
  <testcase classname="test.BookMyShowTest" name="list_your_show_link_test" time="0.375"/>
  <testcase classname="test.BookMyShowTest" name="loginOTP" time="16.470"/>
  <testcase classname="test.BookMyShowTest" name="seatSelection" time="0.580"/>
  <testcase classname="test.BookMyShowTest" name="form_fill_test" time="25.871"/>
  <testcase classname="test.BookMyShowTest" name="home_page_test" time="1.475"/>
  <testcase classname="test.BookMyShowTest" name="bookTickets" time="13.491"/>
</testsuite> <!-- test.BookMyShowTest -->
